2024-09-21 09:47:36 [restartedMain] INFO  com.inicio.helder.HelderApplication - Starting HelderApplication using Java 17.0.9 with PID 18784 (D:\Projetos\java\helder\target\classes started by Helder-pc in D:\Projetos\java\helder)
2024-09-21 09:47:36 [restartedMain] DEBUG com.inicio.helder.HelderApplication - Running with Spring Boot v3.3.4, Spring v6.1.13
2024-09-21 09:47:36 [restartedMain] INFO  com.inicio.helder.HelderApplication - No active profile set, falling back to 1 default profile: "default"
2024-09-21 09:47:40 [restartedMain] DEBUG c.i.h.s.filters.SecurityFilter - Filter 'securityFilter' configured for use
2024-09-21 09:47:40 [restartedMain] DEBUG c.i.h.s.filters.SecurityUserFilter - Filter 'securityUserFilter' configured for use
2024-09-21 09:47:40 [restartedMain] DEBUG com.zaxxer.hikari.HikariConfig - Driver class com.mysql.cj.jdbc.Driver found in Thread context class loader org.springframework.boot.devtools.restart.classloader.RestartClassLoader@5d4d1e63
2024-09-21 09:47:41 [restartedMain] DEBUG com.zaxxer.hikari.HikariConfig - HikariPool-1 - configuration:
2024-09-21 09:47:41 [restartedMain] DEBUG com.zaxxer.hikari.HikariConfig - allowPoolSuspension.............false
2024-09-21 09:47:41 [restartedMain] DEBUG com.zaxxer.hikari.HikariConfig - autoCommit......................true
2024-09-21 09:47:41 [restartedMain] DEBUG com.zaxxer.hikari.HikariConfig - catalog.........................none
2024-09-21 09:47:41 [restartedMain] DEBUG com.zaxxer.hikari.HikariConfig - connectionInitSql...............none
2024-09-21 09:47:41 [restartedMain] DEBUG com.zaxxer.hikari.HikariConfig - connectionTestQuery.............none
2024-09-21 09:47:41 [restartedMain] DEBUG com.zaxxer.hikari.HikariConfig - connectionTimeout...............30000
2024-09-21 09:47:41 [restartedMain] DEBUG com.zaxxer.hikari.HikariConfig - dataSource......................none
2024-09-21 09:47:41 [restartedMain] DEBUG com.zaxxer.hikari.HikariConfig - dataSourceClassName.............none
2024-09-21 09:47:41 [restartedMain] DEBUG com.zaxxer.hikari.HikariConfig - dataSourceJNDI..................none
2024-09-21 09:47:41 [restartedMain] DEBUG com.zaxxer.hikari.HikariConfig - dataSourceProperties............{password=<masked>}
2024-09-21 09:47:41 [restartedMain] DEBUG com.zaxxer.hikari.HikariConfig - driverClassName................."com.mysql.cj.jdbc.Driver"
2024-09-21 09:47:41 [restartedMain] DEBUG com.zaxxer.hikari.HikariConfig - exceptionOverrideClassName......none
2024-09-21 09:47:41 [restartedMain] DEBUG com.zaxxer.hikari.HikariConfig - healthCheckProperties...........{}
2024-09-21 09:47:41 [restartedMain] DEBUG com.zaxxer.hikari.HikariConfig - healthCheckRegistry.............none
2024-09-21 09:47:41 [restartedMain] DEBUG com.zaxxer.hikari.HikariConfig - idleTimeout.....................600000
2024-09-21 09:47:41 [restartedMain] DEBUG com.zaxxer.hikari.HikariConfig - initializationFailTimeout.......1
2024-09-21 09:47:41 [restartedMain] DEBUG com.zaxxer.hikari.HikariConfig - isolateInternalQueries..........false
2024-09-21 09:47:41 [restartedMain] DEBUG com.zaxxer.hikari.HikariConfig - jdbcUrl.........................jdbc:mysql://localhost:3306/inicio_java_helder
2024-09-21 09:47:41 [restartedMain] DEBUG com.zaxxer.hikari.HikariConfig - keepaliveTime...................0
2024-09-21 09:47:41 [restartedMain] DEBUG com.zaxxer.hikari.HikariConfig - leakDetectionThreshold..........0
2024-09-21 09:47:41 [restartedMain] DEBUG com.zaxxer.hikari.HikariConfig - maxLifetime.....................1800000
2024-09-21 09:47:41 [restartedMain] DEBUG com.zaxxer.hikari.HikariConfig - maximumPoolSize.................10
2024-09-21 09:47:41 [restartedMain] DEBUG com.zaxxer.hikari.HikariConfig - metricRegistry..................none
2024-09-21 09:47:41 [restartedMain] DEBUG com.zaxxer.hikari.HikariConfig - metricsTrackerFactory...........none
2024-09-21 09:47:41 [restartedMain] DEBUG com.zaxxer.hikari.HikariConfig - minimumIdle.....................10
2024-09-21 09:47:41 [restartedMain] DEBUG com.zaxxer.hikari.HikariConfig - password........................<masked>
2024-09-21 09:47:41 [restartedMain] DEBUG com.zaxxer.hikari.HikariConfig - poolName........................"HikariPool-1"
2024-09-21 09:47:41 [restartedMain] DEBUG com.zaxxer.hikari.HikariConfig - readOnly........................false
2024-09-21 09:47:41 [restartedMain] DEBUG com.zaxxer.hikari.HikariConfig - registerMbeans..................false
2024-09-21 09:47:41 [restartedMain] DEBUG com.zaxxer.hikari.HikariConfig - scheduledExecutor...............none
2024-09-21 09:47:41 [restartedMain] DEBUG com.zaxxer.hikari.HikariConfig - schema..........................none
2024-09-21 09:47:41 [restartedMain] DEBUG com.zaxxer.hikari.HikariConfig - threadFactory...................internal
2024-09-21 09:47:41 [restartedMain] DEBUG com.zaxxer.hikari.HikariConfig - transactionIsolation............default
2024-09-21 09:47:41 [restartedMain] DEBUG com.zaxxer.hikari.HikariConfig - username........................"root"
2024-09-21 09:47:41 [restartedMain] DEBUG com.zaxxer.hikari.HikariConfig - validationTimeout...............5000
2024-09-21 09:47:41 [restartedMain] INFO  com.zaxxer.hikari.HikariDataSource - HikariPool-1 - Starting...
2024-09-21 09:47:41 [restartedMain] INFO  com.zaxxer.hikari.pool.HikariPool - HikariPool-1 - Added connection com.mysql.cj.jdbc.ConnectionImpl@cf19373
2024-09-21 09:47:41 [restartedMain] INFO  com.zaxxer.hikari.HikariDataSource - HikariPool-1 - Start completed.
2024-09-21 09:47:41 [HikariPool-1 housekeeper] DEBUG com.zaxxer.hikari.pool.HikariPool - HikariPool-1 - Pool stats (total=1, active=0, idle=1, waiting=0)
2024-09-21 09:47:41 [HikariPool-1 connection adder] DEBUG com.zaxxer.hikari.pool.HikariPool - HikariPool-1 - Added connection com.mysql.cj.jdbc.ConnectionImpl@42afc559
2024-09-21 09:47:41 [HikariPool-1 connection adder] DEBUG com.zaxxer.hikari.pool.HikariPool - HikariPool-1 - After adding stats (total=2, active=0, idle=2, waiting=0)
2024-09-21 09:47:41 [HikariPool-1 connection adder] DEBUG com.zaxxer.hikari.pool.HikariPool - HikariPool-1 - Added connection com.mysql.cj.jdbc.ConnectionImpl@392cf62
2024-09-21 09:47:41 [HikariPool-1 connection adder] DEBUG com.zaxxer.hikari.pool.HikariPool - HikariPool-1 - After adding stats (total=3, active=0, idle=3, waiting=0)
2024-09-21 09:47:41 [HikariPool-1 connection adder] DEBUG com.zaxxer.hikari.pool.HikariPool - HikariPool-1 - Added connection com.mysql.cj.jdbc.ConnectionImpl@325ba93e
2024-09-21 09:47:41 [HikariPool-1 connection adder] DEBUG com.zaxxer.hikari.pool.HikariPool - HikariPool-1 - After adding stats (total=4, active=0, idle=4, waiting=0)
2024-09-21 09:47:41 [HikariPool-1 connection adder] DEBUG com.zaxxer.hikari.pool.HikariPool - HikariPool-1 - Added connection com.mysql.cj.jdbc.ConnectionImpl@63bd302d
2024-09-21 09:47:41 [HikariPool-1 connection adder] DEBUG com.zaxxer.hikari.pool.HikariPool - HikariPool-1 - After adding stats (total=5, active=0, idle=5, waiting=0)
2024-09-21 09:47:41 [HikariPool-1 connection adder] DEBUG com.zaxxer.hikari.pool.HikariPool - HikariPool-1 - Added connection com.mysql.cj.jdbc.ConnectionImpl@13388f03
2024-09-21 09:47:41 [HikariPool-1 connection adder] DEBUG com.zaxxer.hikari.pool.HikariPool - HikariPool-1 - After adding stats (total=6, active=0, idle=6, waiting=0)
2024-09-21 09:47:41 [HikariPool-1 connection adder] DEBUG com.zaxxer.hikari.pool.HikariPool - HikariPool-1 - Added connection com.mysql.cj.jdbc.ConnectionImpl@67f32f29
2024-09-21 09:47:42 [HikariPool-1 connection adder] DEBUG com.zaxxer.hikari.pool.HikariPool - HikariPool-1 - After adding stats (total=7, active=0, idle=7, waiting=0)
2024-09-21 09:47:42 [HikariPool-1 connection adder] DEBUG com.zaxxer.hikari.pool.HikariPool - HikariPool-1 - Added connection com.mysql.cj.jdbc.ConnectionImpl@62acc323
2024-09-21 09:47:42 [HikariPool-1 connection adder] DEBUG com.zaxxer.hikari.pool.HikariPool - HikariPool-1 - After adding stats (total=8, active=0, idle=8, waiting=0)
2024-09-21 09:47:42 [HikariPool-1 connection adder] DEBUG com.zaxxer.hikari.pool.HikariPool - HikariPool-1 - Added connection com.mysql.cj.jdbc.ConnectionImpl@5b6db299
2024-09-21 09:47:42 [HikariPool-1 connection adder] DEBUG com.zaxxer.hikari.pool.HikariPool - HikariPool-1 - After adding stats (total=9, active=0, idle=9, waiting=0)
2024-09-21 09:47:42 [HikariPool-1 connection adder] DEBUG com.zaxxer.hikari.pool.HikariPool - HikariPool-1 - Added connection com.mysql.cj.jdbc.ConnectionImpl@321af84b
2024-09-21 09:47:42 [HikariPool-1 connection adder] DEBUG com.zaxxer.hikari.pool.HikariPool - HikariPool-1 - After adding stats (total=10, active=0, idle=10, waiting=0)
2024-09-21 09:47:44 [restartedMain] INFO  com.inicio.helder.HelderApplication - Started HelderApplication in 8.506 seconds (process running for 8.999)
2024-09-21 09:47:54 [http-nio-8080-exec-1] INFO  c.i.h.m.g.s.getCarImageService - ****** INFO
2024-09-21 09:47:54 [http-nio-8080-exec-1] ERROR c.i.h.m.g.s.getCarImageService - ****** ERROR
2024-09-21 09:47:54 [http-nio-8080-exec-1] DEBUG c.i.h.m.g.s.getCarImageService - ****** debug
2024-09-21 09:48:10 [SpringApplicationShutdownHook] INFO  com.zaxxer.hikari.HikariDataSource - HikariPool-1 - Shutdown initiated...
2024-09-21 09:48:10 [SpringApplicationShutdownHook] DEBUG com.zaxxer.hikari.pool.HikariPool - HikariPool-1 - Before shutdown stats (total=10, active=0, idle=10, waiting=0)
2024-09-21 09:48:10 [HikariPool-1 connection closer] DEBUG com.zaxxer.hikari.pool.PoolBase - HikariPool-1 - Closing connection com.mysql.cj.jdbc.ConnectionImpl@cf19373: (connection evicted)
2024-09-21 09:48:10 [HikariPool-1 connection closer] DEBUG com.zaxxer.hikari.pool.PoolBase - HikariPool-1 - Closing connection com.mysql.cj.jdbc.ConnectionImpl@42afc559: (connection evicted)
2024-09-21 09:48:11 [HikariPool-1 connection closer] DEBUG com.zaxxer.hikari.pool.PoolBase - HikariPool-1 - Closing connection com.mysql.cj.jdbc.ConnectionImpl@392cf62: (connection evicted)
2024-09-21 09:48:11 [HikariPool-1 connection closer] DEBUG com.zaxxer.hikari.pool.PoolBase - HikariPool-1 - Closing connection com.mysql.cj.jdbc.ConnectionImpl@325ba93e: (connection evicted)
2024-09-21 09:48:11 [HikariPool-1 connection closer] DEBUG com.zaxxer.hikari.pool.PoolBase - HikariPool-1 - Closing connection com.mysql.cj.jdbc.ConnectionImpl@63bd302d: (connection evicted)
2024-09-21 09:48:11 [HikariPool-1 connection closer] DEBUG com.zaxxer.hikari.pool.PoolBase - HikariPool-1 - Closing connection com.mysql.cj.jdbc.ConnectionImpl@13388f03: (connection evicted)
2024-09-21 09:48:11 [HikariPool-1 connection closer] DEBUG com.zaxxer.hikari.pool.PoolBase - HikariPool-1 - Closing connection com.mysql.cj.jdbc.ConnectionImpl@67f32f29: (connection evicted)
2024-09-21 09:48:11 [HikariPool-1 connection closer] DEBUG com.zaxxer.hikari.pool.PoolBase - HikariPool-1 - Closing connection com.mysql.cj.jdbc.ConnectionImpl@62acc323: (connection evicted)
2024-09-21 09:48:11 [HikariPool-1 connection closer] DEBUG com.zaxxer.hikari.pool.PoolBase - HikariPool-1 - Closing connection com.mysql.cj.jdbc.ConnectionImpl@5b6db299: (connection evicted)
2024-09-21 09:48:11 [HikariPool-1 connection closer] DEBUG com.zaxxer.hikari.pool.PoolBase - HikariPool-1 - Closing connection com.mysql.cj.jdbc.ConnectionImpl@321af84b: (connection evicted)
2024-09-21 09:48:11 [SpringApplicationShutdownHook] DEBUG com.zaxxer.hikari.pool.HikariPool - HikariPool-1 - After shutdown stats (total=0, active=0, idle=0, waiting=0)
2024-09-21 09:48:11 [SpringApplicationShutdownHook] INFO  com.zaxxer.hikari.HikariDataSource - HikariPool-1 - Shutdown completed.
2024-09-21 09:48:24 [http-nio-8080-exec-1] ERROR c.i.h.m.g.s.getCarImageService - ****** ERROR
2024-09-21 09:50:54 [http-nio-8080-exec-3] ERROR c.i.h.m.g.s.getCarImageService - ****** ERROR
2024-09-21 09:51:06 [http-nio-8080-exec-8] ERROR c.i.h.m.g.s.getCarImageService - ****** ERROR
2024-09-21 09:51:38 [http-nio-8080-exec-1] ERROR c.i.h.m.g.s.getCarImageService - ****** ERROR
2024-09-21 09:51:38 [http-nio-8080-exec-1] ERROR c.i.h.interceptor.RestInterceptor - Error occurred while making request: unknown protocol: httpsss
